src/unity/DecawaveInterface/Temp/gradleOut/launcher/build/intermediates/manifest_merge_blame_file/release/manifest-merger-blame-release-report.txt
1<?xml version="1.0" encoding="utf-8"?>
2<!-- GENERATED BY UNITY. REMOVE THIS COMMENT TO PREVENT OVERWRITING WHEN EXPORTING AGAIN -->
3<manifest xmlns:android="http://schemas.android.com/apk/res/android"
4    package="com.arlazertag.DecawaveInterface"
5    android:installLocation="preferExternal"
6    android:versionCode="1"
7    android:versionName="0.1" >
8
9    <uses-sdk
10        android:minSdkVersion="26"
10-->src\main\AndroidManifest.xml
11        android:targetSdkVersion="30" />
11-->src\main\AndroidManifest.xml
12
13    <supports-screens
13-->src\main\AndroidManifest.xml:4:3-163
14        android:anyDensity="true"
14-->src\main\AndroidManifest.xml:4:135-160
15        android:largeScreens="true"
15-->src\main\AndroidManifest.xml:4:78-105
16        android:normalScreens="true"
16-->src\main\AndroidManifest.xml:4:49-77
17        android:smallScreens="true"
17-->src\main\AndroidManifest.xml:4:21-48
18        android:xlargeScreens="true" />
18-->src\main\AndroidManifest.xml:4:106-134
19
20    <uses-feature android:glEsVersion="0x00030000" />
20-->[:unityLibrary] AndroidManifest.xml:12:5-54
20-->[:unityLibrary] AndroidManifest.xml:12:19-51
21
22    <uses-permission android:name="android.permission.INTERNET" />
22-->[:unityLibrary] AndroidManifest.xml:14:5-67
22-->[:unityLibrary] AndroidManifest.xml:14:22-64
23
24    <uses-feature
24-->[:unityLibrary] AndroidManifest.xml:16:5-18:36
25        android:name="android.hardware.touchscreen"
25-->[:unityLibrary] AndroidManifest.xml:17:9-52
26        android:required="false" />
26-->[:unityLibrary] AndroidManifest.xml:18:9-33
27    <uses-feature
27-->[:unityLibrary] AndroidManifest.xml:19:5-21:36
28        android:name="android.hardware.touchscreen.multitouch"
28-->[:unityLibrary] AndroidManifest.xml:20:9-63
29        android:required="false" />
29-->[:unityLibrary] AndroidManifest.xml:21:9-33
30    <uses-feature
30-->[:unityLibrary] AndroidManifest.xml:22:5-24:36
31        android:name="android.hardware.touchscreen.multitouch.distinct"
31-->[:unityLibrary] AndroidManifest.xml:23:9-72
32        android:required="false" />
32-->[:unityLibrary] AndroidManifest.xml:24:9-33
33
34    <uses-permission android:name="android.permission.CAMERA" />
34-->[:unityLibrary] AndroidManifest.xml:26:5-65
34-->[:unityLibrary] AndroidManifest.xml:26:22-62
35
36    <uses-feature
36-->[:unityLibrary] AndroidManifest.xml:28:5-30:35
37        android:name="android.hardware.camera.ar"
37-->[:unityLibrary] AndroidManifest.xml:29:9-50
38        android:required="true" />
38-->[:unityLibrary] AndroidManifest.xml:30:9-32
39    <uses-feature
39-->[:unityLibrary] AndroidManifest.xml:31:5-33:35
40        android:name="com.google.ar.core.depth"
40-->[:unityLibrary] AndroidManifest.xml:32:9-48
41        android:required="true" />
41-->[:unityLibrary] AndroidManifest.xml:33:9-32
42
43    <queries>
43-->[:arcore_client:] AndroidManifest.xml:29:5-31:15
44        <package android:name="com.google.ar.core" />
44-->[:arcore_client:] AndroidManifest.xml:30:9-54
44-->[:arcore_client:] AndroidManifest.xml:30:18-51
45    </queries>
46
47    <application
47-->src\main\AndroidManifest.xml:5:3-83
48        android:allowBackup="true"
48-->[:app-debug:] AndroidManifest.xml:12:9-35
49        android:extractNativeLibs="false"
50        android:icon="@mipmap/app_icon"
50-->src\main\AndroidManifest.xml:5:49-80
51        android:label="@string/app_name"
51-->src\main\AndroidManifest.xml:5:16-48
52        android:supportsRtl="true" >
52-->[:app-debug:] AndroidManifest.xml:14:9-35
53        <activity
53-->[:unityLibrary] AndroidManifest.xml:36:9-55:20
54            android:name="com.unity3d.player.UnityPlayerActivity"
54-->[:unityLibrary] AndroidManifest.xml:37:13-66
55            android:configChanges="mcc|mnc|locale|touchscreen|keyboard|keyboardHidden|navigation|orientation|screenLayout|uiMode|screenSize|smallestScreenSize|fontScale|layoutDirection|density"
55-->[:unityLibrary] AndroidManifest.xml:38:13-194
56            android:hardwareAccelerated="false"
56-->[:unityLibrary] AndroidManifest.xml:39:13-48
57            android:launchMode="singleTask"
57-->[:unityLibrary] AndroidManifest.xml:40:13-44
58            android:screenOrientation="fullSensor"
58-->[:unityLibrary] AndroidManifest.xml:41:13-51
59            android:theme="@style/UnityThemeSelector" >
59-->[:unityLibrary] AndroidManifest.xml:42:13-54
60            <intent-filter>
60-->[:unityLibrary] AndroidManifest.xml:43:13-47:29
61                <action android:name="android.intent.action.MAIN" />
61-->[:unityLibrary] AndroidManifest.xml:44:17-69
61-->[:unityLibrary] AndroidManifest.xml:44:25-66
62
63                <category android:name="android.intent.category.LAUNCHER" />
63-->[:unityLibrary] AndroidManifest.xml:46:17-77
63-->[:unityLibrary] AndroidManifest.xml:46:27-74
64            </intent-filter>
65
66            <meta-data
66-->[:unityLibrary] AndroidManifest.xml:49:13-51:40
67                android:name="unityplayer.UnityActivity"
67-->[:unityLibrary] AndroidManifest.xml:50:17-57
68                android:value="true" />
68-->[:unityLibrary] AndroidManifest.xml:51:17-37
69            <meta-data
69-->[:unityLibrary] AndroidManifest.xml:52:13-54:40
70                android:name="android.notch_support"
70-->[:unityLibrary] AndroidManifest.xml:53:17-53
71                android:value="true" />
71-->[:unityLibrary] AndroidManifest.xml:54:17-37
72        </activity>
73
74        <meta-data
74-->[:unityLibrary] AndroidManifest.xml:57:9-59:33
75            android:name="unity.splash-mode"
75-->[:unityLibrary] AndroidManifest.xml:58:13-45
76            android:value="0" />
76-->[:unityLibrary] AndroidManifest.xml:59:13-30
77        <meta-data
77-->[:unityLibrary] AndroidManifest.xml:60:9-62:36
78            android:name="unity.splash-enable"
78-->[:unityLibrary] AndroidManifest.xml:61:13-47
79            android:value="True" />
79-->[:unityLibrary] AndroidManifest.xml:62:13-33
80        <meta-data
80-->[:unityLibrary] AndroidManifest.xml:63:9-65:50
81            android:name="notch.config"
81-->[:unityLibrary] AndroidManifest.xml:64:13-40
82            android:value="portrait|landscape" />
82-->[:unityLibrary] AndroidManifest.xml:65:13-47
83        <meta-data
83-->[:unityLibrary] AndroidManifest.xml:66:9-68:68
84            android:name="unity.build-id"
84-->[:unityLibrary] AndroidManifest.xml:67:13-42
85            android:value="738c7aa5-f6c2-4c61-b8c1-0c654d96c2e3" />
85-->[:unityLibrary] AndroidManifest.xml:68:13-65
86        <meta-data
86-->[:unityLibrary] AndroidManifest.xml:69:9-71:36
87            android:name="unityplayer.SkipPermissionsDialog"
87-->[:unityLibrary] AndroidManifest.xml:70:13-61
88            android:value="true" />
88-->[:unityLibrary] AndroidManifest.xml:71:13-33
89        <meta-data
89-->[:unityLibrary] AndroidManifest.xml:72:9-74:40
90            android:name="com.google.ar.core"
90-->[:unityLibrary] AndroidManifest.xml:73:13-46
91            android:value="required" /> <!-- The minimal version code of ARCore APK required for an app using this SDK. -->
91-->[:unityLibrary] AndroidManifest.xml:74:13-37
92        <meta-data
92-->[:arcore_client:] AndroidManifest.xml:36:9-38:41
93            android:name="com.google.ar.core.min_apk_version"
93-->[:arcore_client:] AndroidManifest.xml:37:13-62
94            android:value="202820000" /> <!-- This activity is critical for installing ARCore when it is not already present. -->
94-->[:arcore_client:] AndroidManifest.xml:38:13-38
95        <activity
95-->[:arcore_client:] AndroidManifest.xml:40:9-46:80
96            android:name="com.google.ar.core.InstallActivity"
96-->[:arcore_client:] AndroidManifest.xml:41:13-62
97            android:configChanges="keyboardHidden|orientation|screenSize"
97-->[:arcore_client:] AndroidManifest.xml:42:13-74
98            android:excludeFromRecents="true"
98-->[:arcore_client:] AndroidManifest.xml:43:13-46
99            android:exported="false"
99-->[:arcore_client:] AndroidManifest.xml:44:13-37
100            android:launchMode="singleTop"
100-->[:arcore_client:] AndroidManifest.xml:45:13-43
101            android:theme="@android:style/Theme.Material.Light.Dialog.Alert" />
101-->[:arcore_client:] AndroidManifest.xml:46:13-77
102    </application>
103
104</manifest>